None
host: login-2
Building DAG of jobs...
Need to rerun job intersect_with_uniref50 because of missing output required by all.
Need to rerun job count_caths because of missing output required by all.
Need to rerun job count_caths because job intersect_with_uniref50 has to be rerun.
Need to rerun job all because job intersect_with_uniref50 has to be rerun.
Need to rerun job all because job count_caths has to be rerun.
outputs/insert_cath_counts.csv outputs/parent_cath_counts.csv: False 1
outputs/uniref50_nested_domain_pairs.tsv outputs/unmapped_uniprot_ids.txt outputs/uniref50_frequency.csv: True 0
: False 2
shared_storage_local_copies: True
remote_exec: False
Submitting maximum 100 job(s) over 1.0 second(s).
SLURM run ID: 17c676cc-5065-482e-979b-266b70671297
Using shell: /usr/bin/bash
Provided remote nodes: 5
Job stats:
job                        count
-----------------------  -------
all                            1
count_caths                    1
intersect_with_uniref50        1
total                          3

Resources before job selection: {'_cores': 9223372036854775807, '_nodes': 5, '_job_count': 9223372036854775807}
Ready jobs: 1
Select jobs to execute...
Selecting jobs to run using greedy solver.
Selected jobs: 1
Resources after job selection: {'_cores': 9223372036854775806, '_nodes': 4, '_job_count': 100}
Execute 1 jobs...
[Wed Jul  9 15:02:46 2025]
rule intersect_with_uniref50:
    input: outputs/uniprot_to_uniref50_mapping.pkl, outputs/nested_domain_pairs.tsv
    output: outputs/uniref50_nested_domain_pairs.tsv, outputs/unmapped_uniprot_ids.txt, outputs/uniref50_frequency.csv
    log: logs/intersect_with_uniref50.log
    jobid: 3
    reason: Missing output files: outputs/uniref50_nested_domain_pairs.tsv
    resources: tmpdir=<TBD>, mem_mb=64000, mem_mib=61036, time_min=720, cpus_per_task=1
Shell command: 
        python -u scripts/intersect_nested_domain_pairs.py outputs/uniprot_to_uniref50_mapping.pkl outputs/nested_domain_pairs.tsv outputs/uniref50_nested_domain_pairs.tsv outputs/unmapped_uniprot_ids.txt outputs/uniref50_frequency.csv &> logs/intersect_with_uniref50.log 
        
No SLURM account given, trying to guess.
Unable to guess SLURM account. Trying to proceed without.
No wall time information given. This might or might not work on your cluster. If not, specify the resource runtime in your rule or as a reasonable default via --default-resources.
General args: ['--force', '--target-files-omit-workdir-adjustment', '', '--max-inventory-time 0', '--nocolor', '--notemp', '--no-hooks', '--nolock', '--ignore-incomplete', '', '--verbose ', '--rerun-triggers params mtime code input software-env', '', '', '', '', "--conda-frontend 'conda'", '', '', '', '', '', '--shared-fs-usage source-cache input-output storage-local-copies sources software-deployment persistence', '', "--wrapper-prefix 'https://github.com/snakemake/snakemake-wrappers/raw/'", '', '', '', '--printshellcmds ', '', '--latency-wait 5', "--scheduler 'ilp'", '', '--local-storage-prefix base64//LnNuYWtlbWFrZS9zdG9yYWdl', "--scheduler-solver-path '/home/gridsan/akolodziej/.conda/envs/snakemake/bin'", '', '', '', '', '', '', '--default-resources base64//dG1wZGlyPXN5c3RlbV90bXBkaXI=', '']
sbatch call: sbatch --parsable --job-name 17c676cc-5065-482e-979b-266b70671297 --output "/home/gridsan/akolodziej/01_insert_domains/.snakemake/slurm_logs/rule_intersect_with_uniref50/%j.log" --export=ALL --comment "rule_intersect_with_uniref50"   -p xeon-g6-volta --mem 64000 --ntasks=1 --cpus-per-task=1 -D '/home/gridsan/akolodziej/01_insert_domains' --wrap="/home/gridsan/akolodziej/.conda/envs/snakemake/bin/python3.12 -m snakemake --snakefile '/home/gridsan/akolodziej/01_insert_domains/Snakefile' --target-jobs 'intersect_with_uniref50:' --allowed-rules intersect_with_uniref50 --cores 'all' --attempt 1 --force-use-threads  --wait-for-files '/home/gridsan/akolodziej/01_insert_domains/.snakemake/tmp.t1t74v2q' 'outputs/uniprot_to_uniref50_mapping.pkl' 'outputs/nested_domain_pairs.tsv' --force --target-files-omit-workdir-adjustment --max-inventory-time 0 --nocolor --notemp --no-hooks --nolock --ignore-incomplete --verbose  --rerun-triggers params mtime code input software-env --conda-frontend 'conda' --shared-fs-usage source-cache input-output storage-local-copies sources software-deployment persistence --wrapper-prefix 'https://github.com/snakemake/snakemake-wrappers/raw/' --printshellcmds  --latency-wait 5 --scheduler 'ilp' --local-storage-prefix base64//LnNuYWtlbWFrZS9zdG9yYWdl --scheduler-solver-path '/home/gridsan/akolodziej/.conda/envs/snakemake/bin' --default-resources base64//dG1wZGlyPXN5c3RlbV90bXBkaXI= --executor slurm-jobstep --jobs 1 --mode 'remote'"
Job 3 has been submitted with SLURM jobid 1153139 (log: /home/gridsan/akolodziej/01_insert_domains/.snakemake/slurm_logs/rule_intersect_with_uniref50/1153139.log).
Waiting for running jobs to complete.
Checking the status of 1 active jobs with 5 attempts.
The job status was queried with command: sacct -X --parsable2 --clusters all --noheader --format=JobIdRaw,State --starttime 2025-07-07T15:00 --endtime now --name 17c676cc-5065-482e-979b-266b70671297
It took: 0.16976714134216309 seconds
The output is:
'1153139|RUNNING
'

status_of_jobs after sacct is: {'1153139': 'RUNNING'}
active_jobs_ids_with_current_sacct_status are: {'1153139'}
active_jobs_seen_by_sacct are: {'1153139'}
missing_sacct_status are: set()
Checking the status of 1 active jobs with 5 attempts.
The job status was queried with command: sacct -X --parsable2 --clusters all --noheader --format=JobIdRaw,State --starttime 2025-07-07T15:00 --endtime now --name 17c676cc-5065-482e-979b-266b70671297
It took: 0.10011577606201172 seconds
The output is:
'1153139|RUNNING
'

status_of_jobs after sacct is: {'1153139': 'RUNNING'}
active_jobs_ids_with_current_sacct_status are: {'1153139'}
active_jobs_seen_by_sacct are: {'1153139'}
missing_sacct_status are: set()
Checking the status of 1 active jobs with 5 attempts.
The job status was queried with command: sacct -X --parsable2 --clusters all --noheader --format=JobIdRaw,State --starttime 2025-07-07T15:00 --endtime now --name 17c676cc-5065-482e-979b-266b70671297
It took: 0.11978316307067871 seconds
The output is:
'1153139|RUNNING
'

status_of_jobs after sacct is: {'1153139': 'RUNNING'}
active_jobs_ids_with_current_sacct_status are: {'1153139'}
active_jobs_seen_by_sacct are: {'1153139'}
missing_sacct_status are: set()
Checking the status of 1 active jobs with 5 attempts.
The job status was queried with command: sacct -X --parsable2 --clusters all --noheader --format=JobIdRaw,State --starttime 2025-07-07T15:00 --endtime now --name 17c676cc-5065-482e-979b-266b70671297
It took: 0.11524295806884766 seconds
The output is:
'1153139|RUNNING
'

status_of_jobs after sacct is: {'1153139': 'RUNNING'}
active_jobs_ids_with_current_sacct_status are: {'1153139'}
active_jobs_seen_by_sacct are: {'1153139'}
missing_sacct_status are: set()
Checking the status of 1 active jobs with 5 attempts.
The job status was queried with command: sacct -X --parsable2 --clusters all --noheader --format=JobIdRaw,State --starttime 2025-07-07T15:00 --endtime now --name 17c676cc-5065-482e-979b-266b70671297
It took: 0.12019491195678711 seconds
The output is:
'1153139|COMPLETED
'

status_of_jobs after sacct is: {'1153139': 'COMPLETED'}
active_jobs_ids_with_current_sacct_status are: {'1153139'}
active_jobs_seen_by_sacct are: {'1153139'}
missing_sacct_status are: set()
removing log for successful job with SLURM ID '1153139'
[Wed Jul  9 15:05:47 2025]
Finished jobid: 3 (Rule: intersect_with_uniref50)
1 of 3 steps (33%) done
outputs/insert_cath_counts.csv outputs/parent_cath_counts.csv: True 0
: False 1
Resources before job selection: {'_cores': 9223372036854775807, '_nodes': 5, '_job_count': 100}
Ready jobs: 1
Select jobs to execute...
Selecting jobs to run using greedy solver.
Selected jobs: 1
Resources after job selection: {'_cores': 9223372036854775806, '_nodes': 4, '_job_count': 100}
Execute 1 jobs...
[Wed Jul  9 15:05:47 2025]
rule count_caths:
    input: outputs/uniref50_nested_domain_pairs.tsv
    output: outputs/insert_cath_counts.csv, outputs/parent_cath_counts.csv
    log: logs/count_caths.log
    jobid: 4
    reason: Missing output files: outputs/insert_cath_counts.csv; Input files updated by another job: outputs/uniref50_nested_domain_pairs.tsv
    resources: tmpdir=<TBD>, mem_mb=8000, mem_mib=7630, time_min=120, cpus_per_task=1
Shell command: python -u scripts/count_caths.py outputs/uniref50_nested_domain_pairs.tsv outputs/insert_cath_counts.csv outputs/parent_cath_counts.csv &> logs/count_caths.log
No wall time information given. This might or might not work on your cluster. If not, specify the resource runtime in your rule or as a reasonable default via --default-resources.
General args: ['--force', '--target-files-omit-workdir-adjustment', '', '--max-inventory-time 0', '--nocolor', '--notemp', '--no-hooks', '--nolock', '--ignore-incomplete', '', '--verbose ', '--rerun-triggers params mtime code input software-env', '', '', '', '', "--conda-frontend 'conda'", '', '', '', '', '', '--shared-fs-usage source-cache input-output storage-local-copies sources software-deployment persistence', '', "--wrapper-prefix 'https://github.com/snakemake/snakemake-wrappers/raw/'", '', '', '', '--printshellcmds ', '', '--latency-wait 5', "--scheduler 'ilp'", '', '--local-storage-prefix base64//LnNuYWtlbWFrZS9zdG9yYWdl', "--scheduler-solver-path '/home/gridsan/akolodziej/.conda/envs/snakemake/bin'", '', '', '', '', '', '', '--default-resources base64//dG1wZGlyPXN5c3RlbV90bXBkaXI=', '']
sbatch call: sbatch --parsable --job-name 17c676cc-5065-482e-979b-266b70671297 --output "/home/gridsan/akolodziej/01_insert_domains/.snakemake/slurm_logs/rule_count_caths/%j.log" --export=ALL --comment "rule_count_caths"   -p xeon-g6-volta --mem 8000 --ntasks=1 --cpus-per-task=1 -D '/home/gridsan/akolodziej/01_insert_domains' --wrap="/home/gridsan/akolodziej/.conda/envs/snakemake/bin/python3.12 -m snakemake --snakefile '/home/gridsan/akolodziej/01_insert_domains/Snakefile' --target-jobs 'count_caths:' --allowed-rules count_caths --cores 'all' --attempt 1 --force-use-threads  --wait-for-files '/home/gridsan/akolodziej/01_insert_domains/.snakemake/tmp.t1t74v2q' 'outputs/uniref50_nested_domain_pairs.tsv' --force --target-files-omit-workdir-adjustment --max-inventory-time 0 --nocolor --notemp --no-hooks --nolock --ignore-incomplete --verbose  --rerun-triggers params mtime code input software-env --conda-frontend 'conda' --shared-fs-usage source-cache input-output storage-local-copies sources software-deployment persistence --wrapper-prefix 'https://github.com/snakemake/snakemake-wrappers/raw/' --printshellcmds  --latency-wait 5 --scheduler 'ilp' --local-storage-prefix base64//LnNuYWtlbWFrZS9zdG9yYWdl --scheduler-solver-path '/home/gridsan/akolodziej/.conda/envs/snakemake/bin' --default-resources base64//dG1wZGlyPXN5c3RlbV90bXBkaXI= --executor slurm-jobstep --jobs 1 --mode 'remote'"
Job 4 has been submitted with SLURM jobid 1153368 (log: /home/gridsan/akolodziej/01_insert_domains/.snakemake/slurm_logs/rule_count_caths/1153368.log).
Waiting for running jobs to complete.
Checking the status of 1 active jobs with 5 attempts.
The job status was queried with command: sacct -X --parsable2 --clusters all --noheader --format=JobIdRaw,State --starttime 2025-07-07T15:00 --endtime now --name 17c676cc-5065-482e-979b-266b70671297
It took: 0.1031501293182373 seconds
The output is:
'1153139|COMPLETED
1153368|FAILED
'

status_of_jobs after sacct is: {'1153139': 'COMPLETED', '1153368': 'FAILED'}
active_jobs_ids_with_current_sacct_status are: {'1153368'}
active_jobs_seen_by_sacct are: {'1153368'}
missing_sacct_status are: set()
[Wed Jul  9 15:06:27 2025]
Error in rule count_caths:
    message: SLURM-job '1153368' failed, SLURM status is: 'FAILED'. For further error details see the cluster/cloud log and the log files of the involved rule(s).
    jobid: 4
    input: outputs/uniref50_nested_domain_pairs.tsv
    output: outputs/insert_cath_counts.csv, outputs/parent_cath_counts.csv
    log: logs/count_caths.log, /home/gridsan/akolodziej/01_insert_domains/.snakemake/slurm_logs/rule_count_caths/1153368.log (check log file(s) for error details)
    shell:
        python -u scripts/count_caths.py outputs/uniref50_nested_domain_pairs.tsv outputs/insert_cath_counts.csv outputs/parent_cath_counts.csv &> logs/count_caths.log
        (command exited with non-zero exit code)
    external_jobid: 1153368
Shutting down, this might take some time.
Cleaning up log files older than 10 day(s).
Exiting because a job execution failed. Look below for error messages
[Wed Jul  9 15:07:17 2025]
Error in rule count_caths:
    message: None
    jobid: 4
    input: outputs/uniref50_nested_domain_pairs.tsv
    output: outputs/insert_cath_counts.csv, outputs/parent_cath_counts.csv
    log: logs/count_caths.log (check log file(s) for error details)
    shell:
        python -u scripts/count_caths.py outputs/uniref50_nested_domain_pairs.tsv outputs/insert_cath_counts.csv outputs/parent_cath_counts.csv &> logs/count_caths.log
        (command exited with non-zero exit code)
Complete log(s): /home/gridsan/akolodziej/01_insert_domains/.snakemake/log/2025-07-09T150245.950688.snakemake.log
unlocking
removing lock
removing lock
removed all locks
Full Traceback (most recent call last):
  File "/home/gridsan/akolodziej/.conda/envs/snakemake/lib/python3.12/site-packages/snakemake/cli.py", line 2164, in args_to_api
    dag_api.execute_workflow(
  File "/home/gridsan/akolodziej/.conda/envs/snakemake/lib/python3.12/site-packages/snakemake/api.py", line 603, in execute_workflow
    workflow.execute(
  File "/home/gridsan/akolodziej/.conda/envs/snakemake/lib/python3.12/site-packages/snakemake/workflow.py", line 1451, in execute
    raise WorkflowError("At least one job did not complete successfully.")
snakemake_interface_common.exceptions.WorkflowError: At least one job did not complete successfully.

WorkflowError:
At least one job did not complete successfully.
