None
host: login-4
Building DAG of jobs...
Need to rerun job align_pairs because of missing output required by all.
Need to rerun job all because job align_pairs has to be rerun.
outputs/parent_insert_CP_scores.tsv: True 0
: False 1
shared_storage_local_copies: True
remote_exec: False
Submitting maximum 100 job(s) over 1.0 second(s).
SLURM run ID: 74ee2828-c95b-4cae-a3a7-8416049d7267
Using shell: /usr/bin/bash
Provided remote nodes: 5
Job stats:
job            count
-----------  -------
align_pairs        1
all                1
total              2

Resources before job selection: {'_cores': 9223372036854775807, '_nodes': 5, '_job_count': 9223372036854775807}
Ready jobs: 1
Select jobs to execute...
Selecting jobs to run using greedy solver.
Selected jobs: 1
Resources after job selection: {'_cores': 9223372036854775806, '_nodes': 4, '_job_count': 100}
Execute 1 jobs...
[Fri Jul 11 18:24:03 2025]
rule align_pairs:
    input: outputs/parent_insert_duplications.tsv
    output: outputs/parent_insert_CP_scores.tsv
    log: logs/align_pairs.log
    jobid: 7
    reason: Missing output files: outputs/parent_insert_CP_scores.tsv
    resources: tmpdir=<TBD>, mem_mb=64000, mem_mib=61036, time_min=720, cpus_per_task=1
Shell command: python -u scripts/align_pairs.py outputs/parent_insert_duplications.tsv outputs/parent_insert_CP_scores.tsv &> logs/align_pairs.log
No SLURM account given, trying to guess.
Unable to guess SLURM account. Trying to proceed without.
No wall time information given. This might or might not work on your cluster. If not, specify the resource runtime in your rule or as a reasonable default via --default-resources.
General args: ['--force', '--target-files-omit-workdir-adjustment', '', '--max-inventory-time 0', '--nocolor', '--notemp', '--no-hooks', '--nolock', '--ignore-incomplete', '', '--verbose ', '--rerun-triggers input params software-env mtime code', '', '', '', '--deployment-method conda', "--conda-frontend 'conda'", '', "--conda-base-path '/state/partition1/llgrid/pkg/anaconda/anaconda3-2023b'", '', '', '', '--shared-fs-usage source-cache software-deployment input-output storage-local-copies sources persistence', '', "--wrapper-prefix 'https://github.com/snakemake/snakemake-wrappers/raw/'", '', '', '', '--printshellcmds ', '', '--latency-wait 5', "--scheduler 'ilp'", '', '--local-storage-prefix base64//LnNuYWtlbWFrZS9zdG9yYWdl', "--scheduler-solver-path '/home/gridsan/akolodziej/.conda/envs/snakemake/bin'", '', '', '', '', '', '', '--default-resources base64//dG1wZGlyPXN5c3RlbV90bXBkaXI=', '']
sbatch call: sbatch --parsable --job-name 74ee2828-c95b-4cae-a3a7-8416049d7267 --output "/home/gridsan/akolodziej/01_insert_domains/.snakemake/slurm_logs/rule_align_pairs/%j.log" --export=ALL --comment "rule_align_pairs"   -p xeon-g6-volta --mem 64000 --ntasks=1 --cpus-per-task=1 -D '/home/gridsan/akolodziej/01_insert_domains' --wrap="/home/gridsan/akolodziej/.conda/envs/snakemake/bin/python3.12 -m snakemake --snakefile '/home/gridsan/akolodziej/01_insert_domains/Snakefile' --target-jobs 'align_pairs:' --allowed-rules align_pairs --cores 'all' --attempt 1 --force-use-threads  --wait-for-files '/home/gridsan/akolodziej/01_insert_domains/.snakemake/tmp.r1gb6caw' 'outputs/parent_insert_duplications.tsv' --force --target-files-omit-workdir-adjustment --max-inventory-time 0 --nocolor --notemp --no-hooks --nolock --ignore-incomplete --verbose  --rerun-triggers input params software-env mtime code --deployment-method conda --conda-frontend 'conda' --conda-base-path '/state/partition1/llgrid/pkg/anaconda/anaconda3-2023b' --shared-fs-usage source-cache software-deployment input-output storage-local-copies sources persistence --wrapper-prefix 'https://github.com/snakemake/snakemake-wrappers/raw/' --printshellcmds  --latency-wait 5 --scheduler 'ilp' --local-storage-prefix base64//LnNuYWtlbWFrZS9zdG9yYWdl --scheduler-solver-path '/home/gridsan/akolodziej/.conda/envs/snakemake/bin' --default-resources base64//dG1wZGlyPXN5c3RlbV90bXBkaXI= --executor slurm-jobstep --jobs 1 --mode 'remote'"
Job 7 has been submitted with SLURM jobid 1212446 (log: /home/gridsan/akolodziej/01_insert_domains/.snakemake/slurm_logs/rule_align_pairs/1212446.log).
Waiting for running jobs to complete.
Checking the status of 1 active jobs with 5 attempts.
The job status was queried with command: sacct -X --parsable2 --clusters all --noheader --format=JobIdRaw,State --starttime 2025-07-09T18:00 --endtime now --name 74ee2828-c95b-4cae-a3a7-8416049d7267
It took: 0.139570951461792 seconds
The output is:
'1212446|RUNNING
'

status_of_jobs after sacct is: {'1212446': 'RUNNING'}
active_jobs_ids_with_current_sacct_status are: {'1212446'}
active_jobs_seen_by_sacct are: {'1212446'}
missing_sacct_status are: set()
Checking the status of 1 active jobs with 5 attempts.
The job status was queried with command: sacct -X --parsable2 --clusters all --noheader --format=JobIdRaw,State --starttime 2025-07-09T18:00 --endtime now --name 74ee2828-c95b-4cae-a3a7-8416049d7267
It took: 0.11008119583129883 seconds
The output is:
'1212446|RUNNING
'

status_of_jobs after sacct is: {'1212446': 'RUNNING'}
active_jobs_ids_with_current_sacct_status are: {'1212446'}
active_jobs_seen_by_sacct are: {'1212446'}
missing_sacct_status are: set()
Checking the status of 1 active jobs with 5 attempts.
The job status was queried with command: sacct -X --parsable2 --clusters all --noheader --format=JobIdRaw,State --starttime 2025-07-09T18:00 --endtime now --name 74ee2828-c95b-4cae-a3a7-8416049d7267
It took: 0.1102285385131836 seconds
The output is:
'1212446|RUNNING
'

status_of_jobs after sacct is: {'1212446': 'RUNNING'}
active_jobs_ids_with_current_sacct_status are: {'1212446'}
active_jobs_seen_by_sacct are: {'1212446'}
missing_sacct_status are: set()
Checking the status of 1 active jobs with 5 attempts.
The job status was queried with command: sacct -X --parsable2 --clusters all --noheader --format=JobIdRaw,State --starttime 2025-07-09T18:00 --endtime now --name 74ee2828-c95b-4cae-a3a7-8416049d7267
It took: 0.10271477699279785 seconds
The output is:
'1212446|RUNNING
'

status_of_jobs after sacct is: {'1212446': 'RUNNING'}
active_jobs_ids_with_current_sacct_status are: {'1212446'}
active_jobs_seen_by_sacct are: {'1212446'}
missing_sacct_status are: set()
Checking the status of 1 active jobs with 5 attempts.
The job status was queried with command: sacct -X --parsable2 --clusters all --noheader --format=JobIdRaw,State --starttime 2025-07-09T18:00 --endtime now --name 74ee2828-c95b-4cae-a3a7-8416049d7267
It took: 0.1194009780883789 seconds
The output is:
'1212446|RUNNING
'

status_of_jobs after sacct is: {'1212446': 'RUNNING'}
active_jobs_ids_with_current_sacct_status are: {'1212446'}
active_jobs_seen_by_sacct are: {'1212446'}
missing_sacct_status are: set()
Checking the status of 1 active jobs with 5 attempts.
The job status was queried with command: sacct -X --parsable2 --clusters all --noheader --format=JobIdRaw,State --starttime 2025-07-09T18:00 --endtime now --name 74ee2828-c95b-4cae-a3a7-8416049d7267
It took: 0.10888099670410156 seconds
The output is:
'1212446|FAILED
'

status_of_jobs after sacct is: {'1212446': 'FAILED'}
active_jobs_ids_with_current_sacct_status are: {'1212446'}
active_jobs_seen_by_sacct are: {'1212446'}
missing_sacct_status are: set()
[Fri Jul 11 18:28:04 2025]
Error in rule align_pairs:
    message: SLURM-job '1212446' failed, SLURM status is: 'FAILED'. For further error details see the cluster/cloud log and the log files of the involved rule(s).
    jobid: 7
    input: outputs/parent_insert_duplications.tsv
    output: outputs/parent_insert_CP_scores.tsv
    log: logs/align_pairs.log, /home/gridsan/akolodziej/01_insert_domains/.snakemake/slurm_logs/rule_align_pairs/1212446.log (check log file(s) for error details)
    conda-env: prog_mod
    shell:
        python -u scripts/align_pairs.py outputs/parent_insert_duplications.tsv outputs/parent_insert_CP_scores.tsv &> logs/align_pairs.log
        (command exited with non-zero exit code)
    external_jobid: 1212446
Shutting down, this might take some time.
Cleaning up log files older than 10 day(s).
Exiting because a job execution failed. Look below for error messages
[Fri Jul 11 18:29:14 2025]
Error in rule align_pairs:
    message: None
    jobid: 7
    input: outputs/parent_insert_duplications.tsv
    output: outputs/parent_insert_CP_scores.tsv
    log: logs/align_pairs.log (check log file(s) for error details)
    conda-env: prog_mod
    shell:
        python -u scripts/align_pairs.py outputs/parent_insert_duplications.tsv outputs/parent_insert_CP_scores.tsv &> logs/align_pairs.log
        (command exited with non-zero exit code)
Complete log(s): /home/gridsan/akolodziej/01_insert_domains/.snakemake/log/2025-07-11T182403.725789.snakemake.log
unlocking
removing lock
removing lock
removed all locks
Full Traceback (most recent call last):
  File "/home/gridsan/akolodziej/.conda/envs/snakemake/lib/python3.12/site-packages/snakemake/cli.py", line 2164, in args_to_api
    dag_api.execute_workflow(
  File "/home/gridsan/akolodziej/.conda/envs/snakemake/lib/python3.12/site-packages/snakemake/api.py", line 603, in execute_workflow
    workflow.execute(
  File "/home/gridsan/akolodziej/.conda/envs/snakemake/lib/python3.12/site-packages/snakemake/workflow.py", line 1451, in execute
    raise WorkflowError("At least one job did not complete successfully.")
snakemake_interface_common.exceptions.WorkflowError: At least one job did not complete successfully.

WorkflowError:
At least one job did not complete successfully.
